2025-09-17 18:33:49 [INFO] TravelSystem.Client - Client application starting
2025-09-17 18:33:49 [INFO] TravelSystem.Client - MainViewModel initializing
2025-09-17 18:33:49 [INFO] TravelSystem.Client - MainViewModel initialized successfully
2025-09-17 18:34:10 [INFO] TravelSystem.Client - Attempting to initialize service connection
2025-09-17 18:34:16 [INFO] TravelSystem.Client - Starting server with format: xml
2025-09-17 18:34:16 [INFO] TravelSystem.Client - Attempting to start server with format: xml
2025-09-17 18:34:16 [DEBUG] TravelSystem.Client - Server executable found at: C:\Users\Sanja\Desktop\RVAProjekat\RVA_Projekat\RVA\Client\bin\Debug\net472\..\..\..\..\Server\bin\Debug\Server.exe
2025-09-17 18:34:16 [INFO] TravelSystem.Client - Server process started successfully with PID: 10080
2025-09-17 18:34:16 [DEBUG] TravelSystem.Client - Waiting for server to start (3 seconds)
2025-09-17 18:34:20 [INFO] TravelSystem.Client - Successfully connected to server with xml format
2025-09-17 18:36:07 [INFO] TravelSystem.Client - Client application exiting
2025-09-17 18:36:07 [INFO] TravelSystem.Client - Stopping server process with PID: 10080
2025-09-17 18:36:07 [INFO] TravelSystem.Client - Server process stopped successfully
2025-09-17 18:38:36 [INFO] TravelSystem.Client - Client application starting
2025-09-17 18:38:36 [INFO] TravelSystem.Client - MainViewModel initializing
2025-09-17 18:38:36 [INFO] TravelSystem.Client - MainViewModel initialized successfully
2025-09-17 18:38:40 [INFO] TravelSystem.Client - Attempting to initialize service connection
2025-09-17 18:38:42 [INFO] TravelSystem.Client - Starting server with format: json
2025-09-17 18:38:42 [INFO] TravelSystem.Client - Attempting to start server with format: json
2025-09-17 18:38:42 [DEBUG] TravelSystem.Client - Server executable found at: C:\Users\Sanja\Desktop\RVAProjekat\RVA_Projekat\RVA\Client\bin\Debug\net472\..\..\..\..\Server\bin\Debug\Server.exe
2025-09-17 18:38:42 [INFO] TravelSystem.Client - Server process started successfully with PID: 8832
2025-09-17 18:38:42 [DEBUG] TravelSystem.Client - Waiting for server to start (3 seconds)
2025-09-17 18:38:46 [INFO] TravelSystem.Client - Successfully connected to server with json format
2025-09-17 18:39:44 [INFO] TravelSystem.Client - Client application exiting
2025-09-17 18:39:44 [INFO] TravelSystem.Client - Stopping server process with PID: 8832
2025-09-17 18:39:44 [INFO] TravelSystem.Client - Server process stopped successfully
2025-09-17 18:40:22 [INFO] TravelSystem.Client - Client application starting
2025-09-17 18:40:22 [INFO] TravelSystem.Client - MainViewModel initializing
2025-09-17 18:40:22 [INFO] TravelSystem.Client - MainViewModel initialized successfully
2025-09-17 18:40:25 [INFO] TravelSystem.Client - Attempting to initialize service connection
2025-09-17 18:40:27 [INFO] TravelSystem.Client - Starting server with format: xml
2025-09-17 18:40:27 [INFO] TravelSystem.Client - Attempting to start server with format: xml
2025-09-17 18:40:27 [DEBUG] TravelSystem.Client - Server executable found at: C:\Users\Sanja\Desktop\RVAProjekat\RVA_Projekat\RVA\Client\bin\Debug\net472\..\..\..\..\Server\bin\Debug\Server.exe
2025-09-17 18:40:27 [INFO] TravelSystem.Client - Server process started successfully with PID: 22204
2025-09-17 18:40:27 [DEBUG] TravelSystem.Client - Waiting for server to start (3 seconds)
2025-09-17 18:40:31 [INFO] TravelSystem.Client - Successfully connected to server with xml format
2025-09-17 18:40:42 [INFO] TravelSystem.Client - Attempting to initialize service connection
2025-09-17 18:40:42 [INFO] TravelSystem.Client - Currently connected, disconnecting first
2025-09-17 18:40:42 [INFO] TravelSystem.Client - Disconnecting from server
2025-09-17 18:40:42 [INFO] TravelSystem.Client - Stopping server process with PID: 22204
2025-09-17 18:40:42 [INFO] TravelSystem.Client - Server process stopped successfully
2025-09-17 18:40:42 [INFO] TravelSystem.Client - Successfully disconnected from server and cleared data
2025-09-17 18:40:43 [INFO] TravelSystem.Client - Attempting to initialize service connection
2025-09-17 18:40:47 [INFO] TravelSystem.Client - Starting server with format: csv
2025-09-17 18:40:47 [INFO] TravelSystem.Client - Attempting to start server with format: csv
2025-09-17 18:40:47 [DEBUG] TravelSystem.Client - Server executable found at: C:\Users\Sanja\Desktop\RVAProjekat\RVA_Projekat\RVA\Client\bin\Debug\net472\..\..\..\..\Server\bin\Debug\Server.exe
2025-09-17 18:40:47 [INFO] TravelSystem.Client - Server process started successfully with PID: 28464
2025-09-17 18:40:47 [DEBUG] TravelSystem.Client - Waiting for server to start (3 seconds)
2025-09-17 18:40:50 [INFO] TravelSystem.Client - Successfully connected to server with csv format
2025-09-17 18:41:12 [INFO] TravelSystem.Client - Client application exiting
2025-09-17 18:41:12 [INFO] TravelSystem.Client - Stopping server process with PID: 28464
2025-09-17 18:41:12 [INFO] TravelSystem.Client - Server process stopped successfully
2025-09-17 18:43:34 [INFO] TravelSystem.Client - Client application starting
2025-09-17 18:43:34 [INFO] TravelSystem.Client - MainViewModel initializing
2025-09-17 18:43:34 [INFO] TravelSystem.Client - MainViewModel initialized successfully
2025-09-17 18:43:41 [INFO] TravelSystem.Client - Attempting to initialize service connection
2025-09-17 18:43:43 [INFO] TravelSystem.Client - Starting server with format: json
2025-09-17 18:43:43 [INFO] TravelSystem.Client - Attempting to start server with format: json
2025-09-17 18:43:43 [DEBUG] TravelSystem.Client - Server executable found at: C:\Users\Sanja\Desktop\RVAProjekat\RVA_Projekat\RVA\Client\bin\Debug\net472\..\..\..\..\Server\bin\Debug\Server.exe
2025-09-17 18:43:43 [INFO] TravelSystem.Client - Server process started successfully with PID: 20564
2025-09-17 18:43:43 [DEBUG] TravelSystem.Client - Waiting for server to start (3 seconds)
2025-09-17 18:43:47 [INFO] TravelSystem.Client - Successfully connected to server with json format
2025-09-17 18:44:12 [INFO] TravelSystem.Client - ExecuteUndo called. CanUndo: True
2025-09-17 18:44:12 [INFO] TravelSystem.Client - Undo executed successfully
2025-09-17 18:44:19 [INFO] TravelSystem.Client - ExecuteRedo called. CanRedo: True
2025-09-17 18:44:19 [INFO] TravelSystem.Client - Redo executed successfully
2025-09-17 18:45:40 [INFO] TravelSystem.Client - Client application starting
2025-09-17 18:45:40 [INFO] TravelSystem.Client - MainViewModel initializing
2025-09-17 18:45:40 [INFO] TravelSystem.Client - MainViewModel initialized successfully
2025-09-17 18:45:45 [INFO] TravelSystem.Client - Attempting to initialize service connection
2025-09-17 18:45:47 [INFO] TravelSystem.Client - Starting server with format: json
2025-09-17 18:45:47 [INFO] TravelSystem.Client - Attempting to start server with format: json
2025-09-17 18:45:47 [DEBUG] TravelSystem.Client - Server executable found at: C:\Users\Sanja\Desktop\RVAProjekat\RVA_Projekat\RVA\Client\bin\Debug\net472\..\..\..\..\Server\bin\Debug\Server.exe
2025-09-17 18:45:47 [INFO] TravelSystem.Client - Server process started successfully with PID: 16840
2025-09-17 18:45:47 [DEBUG] TravelSystem.Client - Waiting for server to start (3 seconds)
2025-09-17 18:45:50 [INFO] TravelSystem.Client - Successfully connected to server with json format
2025-09-17 18:46:01 [INFO] TravelSystem.Client - ExecuteUndo called. CanUndo: True
2025-09-17 18:46:07 [INFO] TravelSystem.Client - Undo executed successfully
2025-09-17 18:46:11 [INFO] TravelSystem.Client - ExecuteRedo called. CanRedo: True
2025-09-17 18:46:11 [INFO] TravelSystem.Client - Redo executed successfully
2025-09-17 18:46:31 [INFO] TravelSystem.Client - Adding arrangement command to undo stack. Current CanUndo: True
2025-09-17 18:46:31 [INFO] TravelSystem.Client - After adding command. CanUndo: True, CanRedo: False
2025-09-17 18:46:33 [INFO] TravelSystem.Client - ExecuteUndo called. CanUndo: True
2025-09-17 18:46:34 [INFO] TravelSystem.Client - Undo executed successfully
2025-09-17 18:46:38 [INFO] TravelSystem.Client - Client application exiting
2025-09-17 18:46:38 [INFO] TravelSystem.Client - Stopping server process with PID: 16840
2025-09-17 18:46:38 [INFO] TravelSystem.Client - Server process stopped successfully
2025-09-17 18:47:56 [INFO] TravelSystem.Client - Client application starting
2025-09-17 18:47:57 [INFO] TravelSystem.Client - MainViewModel initializing
2025-09-17 18:47:57 [INFO] TravelSystem.Client - MainViewModel initialized successfully
2025-09-17 18:48:02 [INFO] TravelSystem.Client - Attempting to initialize service connection
2025-09-17 18:48:05 [INFO] TravelSystem.Client - Starting server with format: xml
2025-09-17 18:48:05 [INFO] TravelSystem.Client - Attempting to start server with format: xml
2025-09-17 18:48:05 [DEBUG] TravelSystem.Client - Server executable found at: C:\Users\Sanja\Desktop\RVAProjekat\RVA_Projekat\RVA\Client\bin\Debug\net472\..\..\..\..\Server\bin\Debug\Server.exe
2025-09-17 18:48:05 [INFO] TravelSystem.Client - Server process started successfully with PID: 11508
2025-09-17 18:48:05 [DEBUG] TravelSystem.Client - Waiting for server to start (3 seconds)
2025-09-17 18:48:08 [INFO] TravelSystem.Client - Successfully connected to server with xml format
2025-09-17 18:48:24 [INFO] TravelSystem.Client - ExecuteUndo called. CanUndo: True
2025-09-17 18:48:25 [INFO] TravelSystem.Client - Undo executed successfully
2025-09-17 18:48:28 [INFO] TravelSystem.Client - ExecuteRedo called. CanRedo: True
2025-09-17 18:48:31 [INFO] TravelSystem.Client - Redo executed successfully
2025-09-17 18:48:44 [INFO] TravelSystem.Client - ExecuteUndo called. CanUndo: True
2025-09-17 18:48:45 [INFO] TravelSystem.Client - Undo executed successfully
2025-09-17 18:48:48 [INFO] TravelSystem.Client - ExecuteRedo called. CanRedo: True
2025-09-17 18:48:49 [INFO] TravelSystem.Client - Redo executed successfully
2025-09-17 18:48:52 [INFO] TravelSystem.Client - ExecuteUndo called. CanUndo: True
2025-09-17 18:48:58 [INFO] TravelSystem.Client - Undo executed successfully
2025-09-17 18:49:05 [INFO] TravelSystem.Client - Client application exiting
2025-09-17 18:49:05 [INFO] TravelSystem.Client - Stopping server process with PID: 11508
2025-09-17 18:49:05 [INFO] TravelSystem.Client - Server process stopped successfully
2025-09-17 19:32:57 [INFO] TravelSystem.Client - Client application starting
2025-09-17 19:32:58 [INFO] TravelSystem.Client - MainViewModel initializing
2025-09-17 19:32:58 [INFO] TravelSystem.Client - MainViewModel initialized successfully
2025-09-17 19:33:01 [INFO] TravelSystem.Client - Attempting to initialize service connection
2025-09-17 19:33:07 [INFO] TravelSystem.Client - Starting server with format: csv
2025-09-17 19:33:07 [INFO] TravelSystem.Client - Attempting to start server with format: csv
2025-09-17 19:33:07 [DEBUG] TravelSystem.Client - Server executable found at: C:\Users\Sanja\Desktop\RVAProjekat\RVA_Projekat\RVA\Client\bin\Debug\net472\..\..\..\..\Server\bin\Debug\Server.exe
2025-09-17 19:33:07 [INFO] TravelSystem.Client - Server process started successfully with PID: 13940
2025-09-17 19:33:07 [DEBUG] TravelSystem.Client - Waiting for server to start (3 seconds)
2025-09-17 19:33:10 [INFO] TravelSystem.Client - Successfully connected to server with csv format
2025-09-17 19:33:32 [INFO] TravelSystem.Client - Adding arrangement command to undo stack. Current CanUndo: False
2025-09-17 19:33:32 [INFO] TravelSystem.Client - After adding command. CanUndo: True, CanRedo: False
2025-09-17 19:33:35 [INFO] TravelSystem.Client - Attempting to initialize service connection
2025-09-17 19:33:35 [INFO] TravelSystem.Client - Currently connected, disconnecting first
2025-09-17 19:33:35 [INFO] TravelSystem.Client - Disconnecting from server
2025-09-17 19:33:35 [INFO] TravelSystem.Client - Stopping server process with PID: 13940
2025-09-17 19:33:35 [INFO] TravelSystem.Client - Server process stopped successfully
2025-09-17 19:33:35 [INFO] TravelSystem.Client - Successfully disconnected from server and cleared data
2025-09-17 19:33:37 [INFO] TravelSystem.Client - Attempting to initialize service connection
2025-09-17 19:33:42 [INFO] TravelSystem.Client - Starting server with format: csv
2025-09-17 19:33:42 [INFO] TravelSystem.Client - Attempting to start server with format: csv
2025-09-17 19:33:42 [DEBUG] TravelSystem.Client - Server executable found at: C:\Users\Sanja\Desktop\RVAProjekat\RVA_Projekat\RVA\Client\bin\Debug\net472\..\..\..\..\Server\bin\Debug\Server.exe
2025-09-17 19:33:42 [INFO] TravelSystem.Client - Server process started successfully with PID: 11880
2025-09-17 19:33:42 [DEBUG] TravelSystem.Client - Waiting for server to start (3 seconds)
2025-09-17 19:33:45 [INFO] TravelSystem.Client - Successfully connected to server with csv format
2025-09-17 19:33:56 [INFO] TravelSystem.Client - Client application exiting
2025-09-17 19:33:56 [INFO] TravelSystem.Client - Stopping server process with PID: 11880
2025-09-17 19:33:56 [INFO] TravelSystem.Client - Server process stopped successfully
2025-09-17 19:34:02 [INFO] TravelSystem.Client - Client application starting
2025-09-17 19:34:02 [INFO] TravelSystem.Client - MainViewModel initializing
2025-09-17 19:34:02 [INFO] TravelSystem.Client - MainViewModel initialized successfully
2025-09-17 19:34:04 [INFO] TravelSystem.Client - Attempting to initialize service connection
2025-09-17 19:34:07 [INFO] TravelSystem.Client - Starting server with format: csv
2025-09-17 19:34:07 [INFO] TravelSystem.Client - Attempting to start server with format: csv
2025-09-17 19:34:07 [DEBUG] TravelSystem.Client - Server executable found at: C:\Users\Sanja\Desktop\RVAProjekat\RVA_Projekat\RVA\Client\bin\Debug\net472\..\..\..\..\Server\bin\Debug\Server.exe
2025-09-17 19:34:07 [INFO] TravelSystem.Client - Server process started successfully with PID: 13924
2025-09-17 19:34:07 [DEBUG] TravelSystem.Client - Waiting for server to start (3 seconds)
2025-09-17 19:34:11 [INFO] TravelSystem.Client - Successfully connected to server with csv format
2025-09-17 19:34:19 [INFO] TravelSystem.Client - Adding arrangement command to undo stack. Current CanUndo: False
2025-09-17 19:34:19 [INFO] TravelSystem.Client - After adding command. CanUndo: True, CanRedo: False
2025-09-17 19:34:33 [INFO] TravelSystem.Client - Adding arrangement command to undo stack. Current CanUndo: True
2025-09-17 19:34:33 [INFO] TravelSystem.Client - After adding command. CanUndo: True, CanRedo: False
2025-09-17 19:35:33 [INFO] TravelSystem.Client - ExecuteUndo called. CanUndo: True
2025-09-17 19:35:33 [INFO] TravelSystem.Client - Undo executed successfully
2025-09-17 19:35:44 [INFO] TravelSystem.Client - ExecuteUndo called. CanUndo: True
2025-09-17 19:35:44 [INFO] TravelSystem.Client - Undo executed successfully
2025-09-17 19:35:45 [INFO] TravelSystem.Client - ExecuteRedo called. CanRedo: True
2025-09-17 19:35:45 [INFO] TravelSystem.Client - Redo executed successfully
2025-09-17 19:35:46 [INFO] TravelSystem.Client - ExecuteUndo called. CanUndo: True
2025-09-17 19:35:46 [INFO] TravelSystem.Client - Undo executed successfully
2025-09-17 19:35:52 [INFO] TravelSystem.Client - Attempting to initialize service connection
2025-09-17 19:35:52 [INFO] TravelSystem.Client - Currently connected, disconnecting first
2025-09-17 19:35:52 [INFO] TravelSystem.Client - Disconnecting from server
2025-09-17 19:35:52 [INFO] TravelSystem.Client - Stopping server process with PID: 13924
2025-09-17 19:35:52 [INFO] TravelSystem.Client - Server process stopped successfully
2025-09-17 19:35:52 [INFO] TravelSystem.Client - Successfully disconnected from server and cleared data
2025-09-17 19:35:53 [INFO] TravelSystem.Client - Attempting to initialize service connection
2025-09-17 19:35:59 [INFO] TravelSystem.Client - Starting server with format: json
2025-09-17 19:35:59 [INFO] TravelSystem.Client - Attempting to start server with format: json
2025-09-17 19:35:59 [DEBUG] TravelSystem.Client - Server executable found at: C:\Users\Sanja\Desktop\RVAProjekat\RVA_Projekat\RVA\Client\bin\Debug\net472\..\..\..\..\Server\bin\Debug\Server.exe
2025-09-17 19:35:59 [INFO] TravelSystem.Client - Server process started successfully with PID: 13364
2025-09-17 19:35:59 [DEBUG] TravelSystem.Client - Waiting for server to start (3 seconds)
2025-09-17 19:36:03 [INFO] TravelSystem.Client - Successfully connected to server with json format
2025-09-17 19:36:05 [INFO] TravelSystem.Client - Attempting to initialize service connection
2025-09-17 19:36:05 [INFO] TravelSystem.Client - Currently connected, disconnecting first
2025-09-17 19:36:05 [INFO] TravelSystem.Client - Disconnecting from server
2025-09-17 19:36:05 [INFO] TravelSystem.Client - Stopping server process with PID: 13364
2025-09-17 19:36:05 [INFO] TravelSystem.Client - Server process stopped successfully
2025-09-17 19:36:05 [INFO] TravelSystem.Client - Successfully disconnected from server and cleared data
2025-09-17 19:36:07 [INFO] TravelSystem.Client - Attempting to initialize service connection
2025-09-17 19:36:10 [INFO] TravelSystem.Client - Starting server with format: xml
2025-09-17 19:36:10 [INFO] TravelSystem.Client - Attempting to start server with format: xml
2025-09-17 19:36:10 [DEBUG] TravelSystem.Client - Server executable found at: C:\Users\Sanja\Desktop\RVAProjekat\RVA_Projekat\RVA\Client\bin\Debug\net472\..\..\..\..\Server\bin\Debug\Server.exe
2025-09-17 19:36:10 [INFO] TravelSystem.Client - Server process started successfully with PID: 1192
2025-09-17 19:36:10 [DEBUG] TravelSystem.Client - Waiting for server to start (3 seconds)
2025-09-17 19:36:13 [INFO] TravelSystem.Client - Successfully connected to server with xml format
2025-09-17 19:36:20 [INFO] TravelSystem.Client - Attempting to initialize service connection
2025-09-17 19:36:20 [INFO] TravelSystem.Client - Currently connected, disconnecting first
2025-09-17 19:36:20 [INFO] TravelSystem.Client - Disconnecting from server
2025-09-17 19:36:20 [INFO] TravelSystem.Client - Stopping server process with PID: 1192
2025-09-17 19:36:20 [INFO] TravelSystem.Client - Server process stopped successfully
2025-09-17 19:36:20 [INFO] TravelSystem.Client - Successfully disconnected from server and cleared data
2025-09-17 19:36:22 [INFO] TravelSystem.Client - Attempting to initialize service connection
2025-09-17 19:36:25 [INFO] TravelSystem.Client - Starting server with format: csv
2025-09-17 19:36:25 [INFO] TravelSystem.Client - Attempting to start server with format: csv
2025-09-17 19:36:26 [DEBUG] TravelSystem.Client - Server executable found at: C:\Users\Sanja\Desktop\RVAProjekat\RVA_Projekat\RVA\Client\bin\Debug\net472\..\..\..\..\Server\bin\Debug\Server.exe
2025-09-17 19:36:26 [INFO] TravelSystem.Client - Server process started successfully with PID: 27628
2025-09-17 19:36:26 [DEBUG] TravelSystem.Client - Waiting for server to start (3 seconds)
2025-09-17 19:36:29 [INFO] TravelSystem.Client - Successfully connected to server with csv format
2025-09-17 19:36:48 [INFO] TravelSystem.Client - Client application exiting
2025-09-17 19:36:48 [INFO] TravelSystem.Client - Stopping server process with PID: 27628
2025-09-17 19:36:48 [INFO] TravelSystem.Client - Server process stopped successfully
